1000 8029 /etc/ssl/openssl.cnf 2025-11-17 10:54:22 3 0 529815b0dd4bd6608bafeeb3d410b0683374e61aef792b3e3f38b3767d26f747
1000 8029 protected_0 2025-11-17 10:54:22 0 0 e3b0c44298fc1c149afbf4c8996fb92427ae41e4649b934ca495991b7852b855
1000 8029 /home/giwrghs/projects/compSec3/src_corpus/protected_0 2025-11-17 10:54:22 2 0 e3b0c44298fc1c149afbf4c8996fb92427ae41e4649b934ca495991b7852b855
1000 8029 /home/giwrghs/projects/compSec3/src_corpus/protected_0 2025-11-17 10:54:22 3 0 587e2369d4c00d51c9f83ad7f1aed4dc544f6a0aac42d7d8df4da121e3c492df
1000 8029 protected_1 2025-11-17 10:54:22 0 0 e3b0c44298fc1c149afbf4c8996fb92427ae41e4649b934ca495991b7852b855
1000 8029 /home/giwrghs/projects/compSec3/src_corpus/protected_1 2025-11-17 10:54:22 2 0 e3b0c44298fc1c149afbf4c8996fb92427ae41e4649b934ca495991b7852b855
1000 8029 /home/giwrghs/projects/compSec3/src_corpus/protected_1 2025-11-17 10:54:22 3 0 587e2369d4c00d51c9f83ad7f1aed4dc544f6a0aac42d7d8df4da121e3c492df
1000 8029 protected_2 2025-11-17 10:54:22 0 0 e3b0c44298fc1c149afbf4c8996fb92427ae41e4649b934ca495991b7852b855
1000 8029 /home/giwrghs/projects/compSec3/src_corpus/protected_2 2025-11-17 10:54:22 2 0 e3b0c44298fc1c149afbf4c8996fb92427ae41e4649b934ca495991b7852b855
1000 8029 /home/giwrghs/projects/compSec3/src_corpus/protected_2 2025-11-17 10:54:22 3 0 587e2369d4c00d51c9f83ad7f1aed4dc544f6a0aac42d7d8df4da121e3c492df
1000 8029 protected_3 2025-11-17 10:54:22 0 0 e3b0c44298fc1c149afbf4c8996fb92427ae41e4649b934ca495991b7852b855
1000 8029 /home/giwrghs/projects/compSec3/src_corpus/protected_3 2025-11-17 10:54:22 2 0 e3b0c44298fc1c149afbf4c8996fb92427ae41e4649b934ca495991b7852b855
1000 8029 /home/giwrghs/projects/compSec3/src_corpus/protected_3 2025-11-17 10:54:22 3 0 587e2369d4c00d51c9f83ad7f1aed4dc544f6a0aac42d7d8df4da121e3c492df
1000 8029 protected_4 2025-11-17 10:54:22 0 0 e3b0c44298fc1c149afbf4c8996fb92427ae41e4649b934ca495991b7852b855
1000 8029 /home/giwrghs/projects/compSec3/src_corpus/protected_4 2025-11-17 10:54:22 2 0 e3b0c44298fc1c149afbf4c8996fb92427ae41e4649b934ca495991b7852b855
1000 8029 /home/giwrghs/projects/compSec3/src_corpus/protected_4 2025-11-17 10:54:22 3 0 587e2369d4c00d51c9f83ad7f1aed4dc544f6a0aac42d7d8df4da121e3c492df
1000 8029 protected_5 2025-11-17 10:54:22 0 0 e3b0c44298fc1c149afbf4c8996fb92427ae41e4649b934ca495991b7852b855
1000 8029 /home/giwrghs/projects/compSec3/src_corpus/protected_5 2025-11-17 10:54:22 2 0 e3b0c44298fc1c149afbf4c8996fb92427ae41e4649b934ca495991b7852b855
1000 8029 /home/giwrghs/projects/compSec3/src_corpus/protected_5 2025-11-17 10:54:22 3 0 587e2369d4c00d51c9f83ad7f1aed4dc544f6a0aac42d7d8df4da121e3c492df
1000 8029 protected_0 2025-11-17 10:54:22 1 0 587e2369d4c00d51c9f83ad7f1aed4dc544f6a0aac42d7d8df4da121e3c492df
1000 8029 /home/giwrghs/projects/compSec3/src_corpus/protected_0 2025-11-17 10:54:22 3 0 587e2369d4c00d51c9f83ad7f1aed4dc544f6a0aac42d7d8df4da121e3c492df
1000 8029 protected_1 2025-11-17 10:54:22 1 0 587e2369d4c00d51c9f83ad7f1aed4dc544f6a0aac42d7d8df4da121e3c492df
1000 8029 /home/giwrghs/projects/compSec3/src_corpus/protected_1 2025-11-17 10:54:22 3 0 587e2369d4c00d51c9f83ad7f1aed4dc544f6a0aac42d7d8df4da121e3c492df
1000 8029 protected_2 2025-11-17 10:54:22 1 0 587e2369d4c00d51c9f83ad7f1aed4dc544f6a0aac42d7d8df4da121e3c492df
1000 8029 /home/giwrghs/projects/compSec3/src_corpus/protected_2 2025-11-17 10:54:22 3 0 587e2369d4c00d51c9f83ad7f1aed4dc544f6a0aac42d7d8df4da121e3c492df
1000 8029 protected_3 2025-11-17 10:54:22 1 0 587e2369d4c00d51c9f83ad7f1aed4dc544f6a0aac42d7d8df4da121e3c492df
1000 8029 /home/giwrghs/projects/compSec3/src_corpus/protected_3 2025-11-17 10:54:22 3 0 587e2369d4c00d51c9f83ad7f1aed4dc544f6a0aac42d7d8df4da121e3c492df
1000 8029 protected_4 2025-11-17 10:54:22 1 0 587e2369d4c00d51c9f83ad7f1aed4dc544f6a0aac42d7d8df4da121e3c492df
1000 8029 /home/giwrghs/projects/compSec3/src_corpus/protected_4 2025-11-17 10:54:22 3 0 587e2369d4c00d51c9f83ad7f1aed4dc544f6a0aac42d7d8df4da121e3c492df
1000 8029 protected_5 2025-11-17 10:54:22 1 0 587e2369d4c00d51c9f83ad7f1aed4dc544f6a0aac42d7d8df4da121e3c492df
1000 8029 /home/giwrghs/projects/compSec3/src_corpus/protected_5 2025-11-17 10:54:22 3 0 587e2369d4c00d51c9f83ad7f1aed4dc544f6a0aac42d7d8df4da121e3c492df
1000 8029 protected_0 2025-11-17 10:54:22 1 0 587e2369d4c00d51c9f83ad7f1aed4dc544f6a0aac42d7d8df4da121e3c492df
1000 8029 /home/giwrghs/projects/compSec3/src_corpus/protected_0 2025-11-17 10:54:22 2 0 587e2369d4c00d51c9f83ad7f1aed4dc544f6a0aac42d7d8df4da121e3c492df
1000 8029 /home/giwrghs/projects/compSec3/src_corpus/protected_0 2025-11-17 10:54:22 3 0 bafa4859d62c22f61f398ac9debe5c515e84e1e480c95e214e9d48c24eae10ea
1000 8029 protected_1 2025-11-17 10:54:22 1 0 587e2369d4c00d51c9f83ad7f1aed4dc544f6a0aac42d7d8df4da121e3c492df
1000 8029 /home/giwrghs/projects/compSec3/src_corpus/protected_1 2025-11-17 10:54:22 2 0 587e2369d4c00d51c9f83ad7f1aed4dc544f6a0aac42d7d8df4da121e3c492df
1000 8029 /home/giwrghs/projects/compSec3/src_corpus/protected_1 2025-11-17 10:54:22 3 0 bafa4859d62c22f61f398ac9debe5c515e84e1e480c95e214e9d48c24eae10ea
1000 8029 protected_2 2025-11-17 10:54:22 1 0 587e2369d4c00d51c9f83ad7f1aed4dc544f6a0aac42d7d8df4da121e3c492df
1000 8029 /home/giwrghs/projects/compSec3/src_corpus/protected_2 2025-11-17 10:54:22 2 0 587e2369d4c00d51c9f83ad7f1aed4dc544f6a0aac42d7d8df4da121e3c492df
1000 8029 /home/giwrghs/projects/compSec3/src_corpus/protected_2 2025-11-17 10:54:22 3 0 bafa4859d62c22f61f398ac9debe5c515e84e1e480c95e214e9d48c24eae10ea
1000 8029 protected_3 2025-11-17 10:54:22 1 0 587e2369d4c00d51c9f83ad7f1aed4dc544f6a0aac42d7d8df4da121e3c492df
1000 8029 /home/giwrghs/projects/compSec3/src_corpus/protected_3 2025-11-17 10:54:22 2 0 587e2369d4c00d51c9f83ad7f1aed4dc544f6a0aac42d7d8df4da121e3c492df
1000 8029 /home/giwrghs/projects/compSec3/src_corpus/protected_3 2025-11-17 10:54:22 3 0 bafa4859d62c22f61f398ac9debe5c515e84e1e480c95e214e9d48c24eae10ea
1000 8029 protected_4 2025-11-17 10:54:22 1 0 587e2369d4c00d51c9f83ad7f1aed4dc544f6a0aac42d7d8df4da121e3c492df
1000 8029 /home/giwrghs/projects/compSec3/src_corpus/protected_4 2025-11-17 10:54:22 2 0 587e2369d4c00d51c9f83ad7f1aed4dc544f6a0aac42d7d8df4da121e3c492df
1000 8029 /home/giwrghs/projects/compSec3/src_corpus/protected_4 2025-11-17 10:54:22 3 0 bafa4859d62c22f61f398ac9debe5c515e84e1e480c95e214e9d48c24eae10ea
1000 8029 protected_5 2025-11-17 10:54:22 1 0 587e2369d4c00d51c9f83ad7f1aed4dc544f6a0aac42d7d8df4da121e3c492df
1000 8029 /home/giwrghs/projects/compSec3/src_corpus/protected_5 2025-11-17 10:54:22 2 0 587e2369d4c00d51c9f83ad7f1aed4dc544f6a0aac42d7d8df4da121e3c492df
1000 8029 /home/giwrghs/projects/compSec3/src_corpus/protected_5 2025-11-17 10:54:22 3 0 bafa4859d62c22f61f398ac9debe5c515e84e1e480c95e214e9d48c24eae10ea
1000 8029 protected_0 2025-11-17 10:54:22 1 0 bafa4859d62c22f61f398ac9debe5c515e84e1e480c95e214e9d48c24eae10ea
1000 8029 /home/giwrghs/projects/compSec3/src_corpus/protected_0 2025-11-17 10:54:22 2 1 bafa4859d62c22f61f398ac9debe5c515e84e1e480c95e214e9d48c24eae10ea
1000 8029 /home/giwrghs/projects/compSec3/src_corpus/protected_0 2025-11-17 10:54:22 3 0 bafa4859d62c22f61f398ac9debe5c515e84e1e480c95e214e9d48c24eae10ea
1000 8029 protected_1 2025-11-17 10:54:22 1 0 bafa4859d62c22f61f398ac9debe5c515e84e1e480c95e214e9d48c24eae10ea
1000 8029 /home/giwrghs/projects/compSec3/src_corpus/protected_1 2025-11-17 10:54:22 2 1 bafa4859d62c22f61f398ac9debe5c515e84e1e480c95e214e9d48c24eae10ea
1000 8029 /home/giwrghs/projects/compSec3/src_corpus/protected_1 2025-11-17 10:54:22 3 0 bafa4859d62c22f61f398ac9debe5c515e84e1e480c95e214e9d48c24eae10ea
1002 8074 /etc/ssl/openssl.cnf 2025-11-17 10:54:31 3 0 529815b0dd4bd6608bafeeb3d410b0683374e61aef792b3e3f38b3767d26f747
1002 8074 protected_0 2025-11-17 10:54:31 1 0 bafa4859d62c22f61f398ac9debe5c515e84e1e480c95e214e9d48c24eae10ea
1002 8074 /home/giwrghs/projects/compSec3/src_corpus/protected_0 2025-11-17 10:54:31 3 0 bafa4859d62c22f61f398ac9debe5c515e84e1e480c95e214e9d48c24eae10ea
1002 8074 protected_1 2025-11-17 10:54:31 1 0 bafa4859d62c22f61f398ac9debe5c515e84e1e480c95e214e9d48c24eae10ea
1002 8074 /home/giwrghs/projects/compSec3/src_corpus/protected_1 2025-11-17 10:54:31 3 0 bafa4859d62c22f61f398ac9debe5c515e84e1e480c95e214e9d48c24eae10ea
1002 8074 protected_2 2025-11-17 10:54:31 1 0 bafa4859d62c22f61f398ac9debe5c515e84e1e480c95e214e9d48c24eae10ea
1002 8074 /home/giwrghs/projects/compSec3/src_corpus/protected_2 2025-11-17 10:54:31 3 0 bafa4859d62c22f61f398ac9debe5c515e84e1e480c95e214e9d48c24eae10ea
1002 8074 protected_3 2025-11-17 10:54:31 1 0 bafa4859d62c22f61f398ac9debe5c515e84e1e480c95e214e9d48c24eae10ea
1002 8074 /home/giwrghs/projects/compSec3/src_corpus/protected_3 2025-11-17 10:54:31 3 0 bafa4859d62c22f61f398ac9debe5c515e84e1e480c95e214e9d48c24eae10ea
1002 8074 protected_4 2025-11-17 10:54:31 1 0 bafa4859d62c22f61f398ac9debe5c515e84e1e480c95e214e9d48c24eae10ea
1002 8074 /home/giwrghs/projects/compSec3/src_corpus/protected_4 2025-11-17 10:54:31 3 0 bafa4859d62c22f61f398ac9debe5c515e84e1e480c95e214e9d48c24eae10ea
1002 8074 protected_5 2025-11-17 10:54:31 1 0 bafa4859d62c22f61f398ac9debe5c515e84e1e480c95e214e9d48c24eae10ea
1002 8074 /home/giwrghs/projects/compSec3/src_corpus/protected_5 2025-11-17 10:54:31 3 0 bafa4859d62c22f61f398ac9debe5c515e84e1e480c95e214e9d48c24eae10ea
1002 8074 protected_0 2025-11-17 10:54:31 1 1 bafa4859d62c22f61f398ac9debe5c515e84e1e480c95e214e9d48c24eae10ea
1002 8074 protected_1 2025-11-17 10:54:31 1 1 bafa4859d62c22f61f398ac9debe5c515e84e1e480c95e214e9d48c24eae10ea
1002 8074 protected_2 2025-11-17 10:54:31 1 1 bafa4859d62c22f61f398ac9debe5c515e84e1e480c95e214e9d48c24eae10ea
1002 8074 protected_3 2025-11-17 10:54:31 1 1 bafa4859d62c22f61f398ac9debe5c515e84e1e480c95e214e9d48c24eae10ea
1002 8074 protected_4 2025-11-17 10:54:31 1 1 bafa4859d62c22f61f398ac9debe5c515e84e1e480c95e214e9d48c24eae10ea
1002 8074 protected_5 2025-11-17 10:54:31 1 1 bafa4859d62c22f61f398ac9debe5c515e84e1e480c95e214e9d48c24eae10ea
1002 8074 protected_0 2025-11-17 10:54:31 1 0 bafa4859d62c22f61f398ac9debe5c515e84e1e480c95e214e9d48c24eae10ea
1002 8074 /home/giwrghs/projects/compSec3/src_corpus/protected_0 2025-11-17 10:54:31 2 1 bafa4859d62c22f61f398ac9debe5c515e84e1e480c95e214e9d48c24eae10ea
1002 8074 /home/giwrghs/projects/compSec3/src_corpus/protected_0 2025-11-17 10:54:31 3 0 bafa4859d62c22f61f398ac9debe5c515e84e1e480c95e214e9d48c24eae10ea
1002 8074 protected_1 2025-11-17 10:54:31 1 0 bafa4859d62c22f61f398ac9debe5c515e84e1e480c95e214e9d48c24eae10ea
1002 8074 /home/giwrghs/projects/compSec3/src_corpus/protected_1 2025-11-17 10:54:31 2 1 bafa4859d62c22f61f398ac9debe5c515e84e1e480c95e214e9d48c24eae10ea
1002 8074 /home/giwrghs/projects/compSec3/src_corpus/protected_1 2025-11-17 10:54:31 3 0 bafa4859d62c22f61f398ac9debe5c515e84e1e480c95e214e9d48c24eae10ea
